<?xml version="1.0" encoding="UTF-8"?>
<!-- Generated by org.testng.reporters.JUnitReportReporter -->
<testsuite skipped="0" hostname="SarahSaloumMacBook.local" name="incorta.tests.schemaLoadingTask" tests="2" failures="0" timestamp="2020-03-29T19:55:24 EET" time="46.043" errors="0">
  <testcase name="testSchemaFilesOnServer" time="13.263" classname="incorta.tests.schemaLoadingTask"/>
  <system-out/>
  <testcase name="loadSchema" time="32.780" classname="incorta.tests.schemaLoadingTask"/>
  <system-out/>
</testsuite> <!-- incorta.tests.schemaLoadingTask -->
